<?xml version="1.0" encoding="UTF-8"?>
<testng-results skipped="0" failed="17" total="18" passed="1">
  <reporter-output>
  </reporter-output>
  <suite name="Default suite" duration-ms="48435" started-at="2017-02-08T11:08:21Z" finished-at="2017-02-08T11:09:10Z">
    <groups>
    </groups>
    <test name="Default test" duration-ms="48435" started-at="2017-02-08T11:08:21Z" finished-at="2017-02-08T11:09:10Z">
      <class name="com.ge.DAP.APItestscipts.SearchApi">
        <test-method status="PASS" signature="hc_close()[pri:0, instance:com.ge.DAP.APItestscipts.SearchApi@5bc79255]" name="hc_close" is-config="true" duration-ms="5" started-at="2017-02-08T16:38:21Z" finished-at="2017-02-08T16:38:21Z">
          <reporter-output>
          </reporter-output>
        </test-method> <!-- hc_close -->
        <test-method status="FAIL" signature="searchby_AssetId(java.lang.String, java.lang.String, java.lang.String, java.lang.String, java.lang.String)[pri:0, instance:com.ge.DAP.APItestscipts.SearchApi@5bc79255]" name="searchby_AssetId" duration-ms="3005" started-at="2017-02-08T16:38:22Z" description="Testing the search by asset_ID API " data-provider="getData" finished-at="2017-02-08T16:38:25Z">
          <params>
            <param index="0">
              <value>
                <![CDATA[1]]>
              </value>
            </param>
            <param index="1">
              <value>
                <![CDATA[assets/search?sourceKey=0016b410-11f7-43f8-ba3a-0d347392e385]]>
              </value>
            </param>
            <param index="2">
              <value>
                <![CDATA[Business-Unit=power,Predix-Zone-Id=6320dde5-5bfb-4d20-973c-3c4066756f16,Content-Type=application/json,Authorization= ]]>
              </value>
            </param>
            <param index="3">
              <value>
                <![CDATA[https://dap-go-service-v1.run.aws-usw02-pr.ice.predix.io/assets/search?sourceKey=0016b410-11f7-43f8-ba3a-0d347392e385]]>
              </value>
            </param>
            <param index="4">
              <value>
                <![CDATA[200]]>
              </value>
            </param>
          </params>
          <exception class="java.lang.AssertionError">
            <message>
              <![CDATA[Oops!!!! Actual and Expected values doesnt match 404 200 expected [200] but found [404]]]>
            </message>
            <full-stacktrace>
              <![CDATA[java.lang.AssertionError: Oops!!!! Actual and Expected values doesnt match 404 200 expected [200] but found [404]
	at org.testng.Assert.fail(Assert.java:94)
	at org.testng.Assert.failNotEquals(Assert.java:494)
	at org.testng.Assert.assertEquals(Assert.java:123)
	at org.testng.Assert.assertEquals(Assert.java:370)
	at com.ge.DAP.actionEngines.ApiHanddler.validate_equal(ApiHanddler.java:246)
	at com.ge.DAP.APItestscipts.SearchApi.searchby_AssetId(SearchApi.java:41)
	at sun.reflect.NativeMethodAccessorImpl.invoke0(Native Method)
	at sun.reflect.NativeMethodAccessorImpl.invoke(NativeMethodAccessorImpl.java:62)
	at sun.reflect.DelegatingMethodAccessorImpl.invoke(DelegatingMethodAccessorImpl.java:43)
	at java.lang.reflect.Method.invoke(Method.java:498)
	at org.testng.internal.MethodInvocationHelper.invokeMethod(MethodInvocationHelper.java:80)
	at org.testng.internal.Invoker.invokeMethod(Invoker.java:714)
	at org.testng.internal.Invoker.invokeTestMethod(Invoker.java:901)
	at org.testng.internal.Invoker.invokeTestMethods(Invoker.java:1231)
	at org.testng.internal.TestMethodWorker.invokeTestMethods(TestMethodWorker.java:127)
	at org.testng.internal.TestMethodWorker.run(TestMethodWorker.java:111)
	at org.testng.TestRunner.privateRun(TestRunner.java:767)
	at org.testng.TestRunner.run(TestRunner.java:617)
	at org.testng.SuiteRunner.runTest(SuiteRunner.java:334)
	at org.testng.SuiteRunner.runSequentially(SuiteRunner.java:329)
	at org.testng.SuiteRunner.privateRun(SuiteRunner.java:291)
	at org.testng.SuiteRunner.run(SuiteRunner.java:240)
	at org.testng.SuiteRunnerWorker.runSuite(SuiteRunnerWorker.java:52)
	at org.testng.SuiteRunnerWorker.run(SuiteRunnerWorker.java:86)
	at org.testng.TestNG.runSuitesSequentially(TestNG.java:1198)
	at org.testng.TestNG.runSuitesLocally(TestNG.java:1123)
	at org.testng.TestNG.run(TestNG.java:1031)
	at org.testng.remote.AbstractRemoteTestNG.run(AbstractRemoteTestNG.java:132)
	at org.testng.remote.RemoteTestNG.initAndRun(RemoteTestNG.java:236)
	at org.testng.remote.RemoteTestNG.main(RemoteTestNG.java:81)
]]>
            </full-stacktrace>
          </exception> <!-- java.lang.AssertionError -->
          <reporter-output>
          </reporter-output>
        </test-method> <!-- searchby_AssetId -->
        <test-method status="FAIL" signature="searchby_AssetId(java.lang.String, java.lang.String, java.lang.String, java.lang.String, java.lang.String)[pri:0, instance:com.ge.DAP.APItestscipts.SearchApi@5bc79255]" name="searchby_AssetId" duration-ms="2715" started-at="2017-02-08T16:38:25Z" description="Testing the search by asset_ID API " data-provider="getData" finished-at="2017-02-08T16:38:27Z">
          <params>
            <param index="0">
              <value>
                <![CDATA[2]]>
              </value>
            </param>
            <param index="1">
              <value>
                <![CDATA[assets/search?sourceKey=0023d344-]]>
              </value>
            </param>
            <param index="2">
              <value>
                <![CDATA[Business-Unit=power,Predix-Zone-Id=6320dde5-5bfb-4d20-973c-3c4066756f16,Content-Type=application/json,Authorization= ]]>
              </value>
            </param>
            <param index="3">
              <value>
                <![CDATA[https://dap-go-service-v1.run.aws-usw02-pr.ice.predix.io/assets/search?sourceKey=0023d344-]]>
              </value>
            </param>
            <param index="4">
              <value>
                <![CDATA[200]]>
              </value>
            </param>
          </params>
          <exception class="java.lang.AssertionError">
            <message>
              <![CDATA[Oops!!!! Actual and Expected values doesnt match 404 200 expected [200] but found [404]]]>
            </message>
            <full-stacktrace>
              <![CDATA[java.lang.AssertionError: Oops!!!! Actual and Expected values doesnt match 404 200 expected [200] but found [404]
	at org.testng.Assert.fail(Assert.java:94)
	at org.testng.Assert.failNotEquals(Assert.java:494)
	at org.testng.Assert.assertEquals(Assert.java:123)
	at org.testng.Assert.assertEquals(Assert.java:370)
	at com.ge.DAP.actionEngines.ApiHanddler.validate_equal(ApiHanddler.java:246)
	at com.ge.DAP.APItestscipts.SearchApi.searchby_AssetId(SearchApi.java:41)
	at sun.reflect.NativeMethodAccessorImpl.invoke0(Native Method)
	at sun.reflect.NativeMethodAccessorImpl.invoke(NativeMethodAccessorImpl.java:62)
	at sun.reflect.DelegatingMethodAccessorImpl.invoke(DelegatingMethodAccessorImpl.java:43)
	at java.lang.reflect.Method.invoke(Method.java:498)
	at org.testng.internal.MethodInvocationHelper.invokeMethod(MethodInvocationHelper.java:80)
	at org.testng.internal.Invoker.invokeMethod(Invoker.java:714)
	at org.testng.internal.Invoker.invokeTestMethod(Invoker.java:901)
	at org.testng.internal.Invoker.invokeTestMethods(Invoker.java:1231)
	at org.testng.internal.TestMethodWorker.invokeTestMethods(TestMethodWorker.java:127)
	at org.testng.internal.TestMethodWorker.run(TestMethodWorker.java:111)
	at org.testng.TestRunner.privateRun(TestRunner.java:767)
	at org.testng.TestRunner.run(TestRunner.java:617)
	at org.testng.SuiteRunner.runTest(SuiteRunner.java:334)
	at org.testng.SuiteRunner.runSequentially(SuiteRunner.java:329)
	at org.testng.SuiteRunner.privateRun(SuiteRunner.java:291)
	at org.testng.SuiteRunner.run(SuiteRunner.java:240)
	at org.testng.SuiteRunnerWorker.runSuite(SuiteRunnerWorker.java:52)
	at org.testng.SuiteRunnerWorker.run(SuiteRunnerWorker.java:86)
	at org.testng.TestNG.runSuitesSequentially(TestNG.java:1198)
	at org.testng.TestNG.runSuitesLocally(TestNG.java:1123)
	at org.testng.TestNG.run(TestNG.java:1031)
	at org.testng.remote.AbstractRemoteTestNG.run(AbstractRemoteTestNG.java:132)
	at org.testng.remote.RemoteTestNG.initAndRun(RemoteTestNG.java:236)
	at org.testng.remote.RemoteTestNG.main(RemoteTestNG.java:81)
]]>
            </full-stacktrace>
          </exception> <!-- java.lang.AssertionError -->
          <reporter-output>
          </reporter-output>
        </test-method> <!-- searchby_AssetId -->
        <test-method status="FAIL" signature="searchby_AssetId(java.lang.String, java.lang.String, java.lang.String, java.lang.String, java.lang.String)[pri:0, instance:com.ge.DAP.APItestscipts.SearchApi@5bc79255]" name="searchby_AssetId" duration-ms="2704" started-at="2017-02-08T16:38:27Z" description="Testing the search by asset_ID API " data-provider="getData" finished-at="2017-02-08T16:38:30Z">
          <params>
            <param index="0">
              <value>
                <![CDATA[3]]>
              </value>
            </param>
            <param index="1">
              <value>
                <![CDATA[assets/search?sourceKey=?]]>
              </value>
            </param>
            <param index="2">
              <value>
                <![CDATA[Business-Unit=power,Predix-Zone-Id=6320dde5-5bfb-4d20-973c-3c4066756f16,Content-Type=application/json,Authorization= ]]>
              </value>
            </param>
            <param index="3">
              <value>
                <![CDATA[https://dap-go-service-v1.run.aws-usw02-pr.ice.predix.io/assets/search?sourceKey=?]]>
              </value>
            </param>
            <param index="4">
              <value>
                <![CDATA[200]]>
              </value>
            </param>
          </params>
          <exception class="java.lang.AssertionError">
            <message>
              <![CDATA[Oops!!!! Actual and Expected values doesnt match 404 200 expected [200] but found [404]]]>
            </message>
            <full-stacktrace>
              <![CDATA[java.lang.AssertionError: Oops!!!! Actual and Expected values doesnt match 404 200 expected [200] but found [404]
	at org.testng.Assert.fail(Assert.java:94)
	at org.testng.Assert.failNotEquals(Assert.java:494)
	at org.testng.Assert.assertEquals(Assert.java:123)
	at org.testng.Assert.assertEquals(Assert.java:370)
	at com.ge.DAP.actionEngines.ApiHanddler.validate_equal(ApiHanddler.java:246)
	at com.ge.DAP.APItestscipts.SearchApi.searchby_AssetId(SearchApi.java:41)
	at sun.reflect.NativeMethodAccessorImpl.invoke0(Native Method)
	at sun.reflect.NativeMethodAccessorImpl.invoke(NativeMethodAccessorImpl.java:62)
	at sun.reflect.DelegatingMethodAccessorImpl.invoke(DelegatingMethodAccessorImpl.java:43)
	at java.lang.reflect.Method.invoke(Method.java:498)
	at org.testng.internal.MethodInvocationHelper.invokeMethod(MethodInvocationHelper.java:80)
	at org.testng.internal.Invoker.invokeMethod(Invoker.java:714)
	at org.testng.internal.Invoker.invokeTestMethod(Invoker.java:901)
	at org.testng.internal.Invoker.invokeTestMethods(Invoker.java:1231)
	at org.testng.internal.TestMethodWorker.invokeTestMethods(TestMethodWorker.java:127)
	at org.testng.internal.TestMethodWorker.run(TestMethodWorker.java:111)
	at org.testng.TestRunner.privateRun(TestRunner.java:767)
	at org.testng.TestRunner.run(TestRunner.java:617)
	at org.testng.SuiteRunner.runTest(SuiteRunner.java:334)
	at org.testng.SuiteRunner.runSequentially(SuiteRunner.java:329)
	at org.testng.SuiteRunner.privateRun(SuiteRunner.java:291)
	at org.testng.SuiteRunner.run(SuiteRunner.java:240)
	at org.testng.SuiteRunnerWorker.runSuite(SuiteRunnerWorker.java:52)
	at org.testng.SuiteRunnerWorker.run(SuiteRunnerWorker.java:86)
	at org.testng.TestNG.runSuitesSequentially(TestNG.java:1198)
	at org.testng.TestNG.runSuitesLocally(TestNG.java:1123)
	at org.testng.TestNG.run(TestNG.java:1031)
	at org.testng.remote.AbstractRemoteTestNG.run(AbstractRemoteTestNG.java:132)
	at org.testng.remote.RemoteTestNG.initAndRun(RemoteTestNG.java:236)
	at org.testng.remote.RemoteTestNG.main(RemoteTestNG.java:81)
]]>
            </full-stacktrace>
          </exception> <!-- java.lang.AssertionError -->
          <reporter-output>
          </reporter-output>
        </test-method> <!-- searchby_AssetId -->
        <test-method status="FAIL" signature="searchby_AssetId(java.lang.String, java.lang.String, java.lang.String, java.lang.String, java.lang.String)[pri:0, instance:com.ge.DAP.APItestscipts.SearchApi@5bc79255]" name="searchby_AssetId" duration-ms="2618" started-at="2017-02-08T16:38:30Z" description="Testing the search by asset_ID API " data-provider="getData" finished-at="2017-02-08T16:38:33Z">
          <params>
            <param index="0">
              <value>
                <![CDATA[4]]>
              </value>
            </param>
            <param index="1">
              <value>
                <![CDATA[assets/search?sourceKey=+]]>
              </value>
            </param>
            <param index="2">
              <value>
                <![CDATA[Business-Unit=power,Predix-Zone-Id=6320dde5-5bfb-4d20-973c-3c4066756f16,Content-Type=application/json,Authorization= ]]>
              </value>
            </param>
            <param index="3">
              <value>
                <![CDATA[https://dap-go-service-v1.run.aws-usw02-pr.ice.predix.io/assets/search?sourceKey=+]]>
              </value>
            </param>
            <param index="4">
              <value>
                <![CDATA[200]]>
              </value>
            </param>
          </params>
          <exception class="java.lang.AssertionError">
            <message>
              <![CDATA[Oops!!!! Actual and Expected values doesnt match 404 200 expected [200] but found [404]]]>
            </message>
            <full-stacktrace>
              <![CDATA[java.lang.AssertionError: Oops!!!! Actual and Expected values doesnt match 404 200 expected [200] but found [404]
	at org.testng.Assert.fail(Assert.java:94)
	at org.testng.Assert.failNotEquals(Assert.java:494)
	at org.testng.Assert.assertEquals(Assert.java:123)
	at org.testng.Assert.assertEquals(Assert.java:370)
	at com.ge.DAP.actionEngines.ApiHanddler.validate_equal(ApiHanddler.java:246)
	at com.ge.DAP.APItestscipts.SearchApi.searchby_AssetId(SearchApi.java:41)
	at sun.reflect.NativeMethodAccessorImpl.invoke0(Native Method)
	at sun.reflect.NativeMethodAccessorImpl.invoke(NativeMethodAccessorImpl.java:62)
	at sun.reflect.DelegatingMethodAccessorImpl.invoke(DelegatingMethodAccessorImpl.java:43)
	at java.lang.reflect.Method.invoke(Method.java:498)
	at org.testng.internal.MethodInvocationHelper.invokeMethod(MethodInvocationHelper.java:80)
	at org.testng.internal.Invoker.invokeMethod(Invoker.java:714)
	at org.testng.internal.Invoker.invokeTestMethod(Invoker.java:901)
	at org.testng.internal.Invoker.invokeTestMethods(Invoker.java:1231)
	at org.testng.internal.TestMethodWorker.invokeTestMethods(TestMethodWorker.java:127)
	at org.testng.internal.TestMethodWorker.run(TestMethodWorker.java:111)
	at org.testng.TestRunner.privateRun(TestRunner.java:767)
	at org.testng.TestRunner.run(TestRunner.java:617)
	at org.testng.SuiteRunner.runTest(SuiteRunner.java:334)
	at org.testng.SuiteRunner.runSequentially(SuiteRunner.java:329)
	at org.testng.SuiteRunner.privateRun(SuiteRunner.java:291)
	at org.testng.SuiteRunner.run(SuiteRunner.java:240)
	at org.testng.SuiteRunnerWorker.runSuite(SuiteRunnerWorker.java:52)
	at org.testng.SuiteRunnerWorker.run(SuiteRunnerWorker.java:86)
	at org.testng.TestNG.runSuitesSequentially(TestNG.java:1198)
	at org.testng.TestNG.runSuitesLocally(TestNG.java:1123)
	at org.testng.TestNG.run(TestNG.java:1031)
	at org.testng.remote.AbstractRemoteTestNG.run(AbstractRemoteTestNG.java:132)
	at org.testng.remote.RemoteTestNG.initAndRun(RemoteTestNG.java:236)
	at org.testng.remote.RemoteTestNG.main(RemoteTestNG.java:81)
]]>
            </full-stacktrace>
          </exception> <!-- java.lang.AssertionError -->
          <reporter-output>
          </reporter-output>
        </test-method> <!-- searchby_AssetId -->
        <test-method status="FAIL" signature="searchby_AssetId(java.lang.String, java.lang.String, java.lang.String, java.lang.String, java.lang.String)[pri:0, instance:com.ge.DAP.APItestscipts.SearchApi@5bc79255]" name="searchby_AssetId" duration-ms="2504" started-at="2017-02-08T16:38:33Z" description="Testing the search by asset_ID API " data-provider="getData" finished-at="2017-02-08T16:38:35Z">
          <params>
            <param index="0">
              <value>
                <![CDATA[5]]>
              </value>
            </param>
            <param index="1">
              <value>
                <![CDATA[assets/search?sourceKey=*]]>
              </value>
            </param>
            <param index="2">
              <value>
                <![CDATA[Business-Unit=power,Predix-Zone-Id=6320dde5-5bfb-4d20-973c-3c4066756f16,Content-Type=application/json,Authorization= ]]>
              </value>
            </param>
            <param index="3">
              <value>
                <![CDATA[https://dap-go-service-v1.run.aws-usw02-pr.ice.predix.io/assets/search?sourceKey=*]]>
              </value>
            </param>
            <param index="4">
              <value>
                <![CDATA[200]]>
              </value>
            </param>
          </params>
          <exception class="java.lang.AssertionError">
            <message>
              <![CDATA[Oops!!!! Actual and Expected values doesnt match 404 200 expected [200] but found [404]]]>
            </message>
            <full-stacktrace>
              <![CDATA[java.lang.AssertionError: Oops!!!! Actual and Expected values doesnt match 404 200 expected [200] but found [404]
	at org.testng.Assert.fail(Assert.java:94)
	at org.testng.Assert.failNotEquals(Assert.java:494)
	at org.testng.Assert.assertEquals(Assert.java:123)
	at org.testng.Assert.assertEquals(Assert.java:370)
	at com.ge.DAP.actionEngines.ApiHanddler.validate_equal(ApiHanddler.java:246)
	at com.ge.DAP.APItestscipts.SearchApi.searchby_AssetId(SearchApi.java:41)
	at sun.reflect.NativeMethodAccessorImpl.invoke0(Native Method)
	at sun.reflect.NativeMethodAccessorImpl.invoke(NativeMethodAccessorImpl.java:62)
	at sun.reflect.DelegatingMethodAccessorImpl.invoke(DelegatingMethodAccessorImpl.java:43)
	at java.lang.reflect.Method.invoke(Method.java:498)
	at org.testng.internal.MethodInvocationHelper.invokeMethod(MethodInvocationHelper.java:80)
	at org.testng.internal.Invoker.invokeMethod(Invoker.java:714)
	at org.testng.internal.Invoker.invokeTestMethod(Invoker.java:901)
	at org.testng.internal.Invoker.invokeTestMethods(Invoker.java:1231)
	at org.testng.internal.TestMethodWorker.invokeTestMethods(TestMethodWorker.java:127)
	at org.testng.internal.TestMethodWorker.run(TestMethodWorker.java:111)
	at org.testng.TestRunner.privateRun(TestRunner.java:767)
	at org.testng.TestRunner.run(TestRunner.java:617)
	at org.testng.SuiteRunner.runTest(SuiteRunner.java:334)
	at org.testng.SuiteRunner.runSequentially(SuiteRunner.java:329)
	at org.testng.SuiteRunner.privateRun(SuiteRunner.java:291)
	at org.testng.SuiteRunner.run(SuiteRunner.java:240)
	at org.testng.SuiteRunnerWorker.runSuite(SuiteRunnerWorker.java:52)
	at org.testng.SuiteRunnerWorker.run(SuiteRunnerWorker.java:86)
	at org.testng.TestNG.runSuitesSequentially(TestNG.java:1198)
	at org.testng.TestNG.runSuitesLocally(TestNG.java:1123)
	at org.testng.TestNG.run(TestNG.java:1031)
	at org.testng.remote.AbstractRemoteTestNG.run(AbstractRemoteTestNG.java:132)
	at org.testng.remote.RemoteTestNG.initAndRun(RemoteTestNG.java:236)
	at org.testng.remote.RemoteTestNG.main(RemoteTestNG.java:81)
]]>
            </full-stacktrace>
          </exception> <!-- java.lang.AssertionError -->
          <reporter-output>
          </reporter-output>
        </test-method> <!-- searchby_AssetId -->
        <test-method status="FAIL" signature="searchby_AssetId(java.lang.String, java.lang.String, java.lang.String, java.lang.String, java.lang.String)[pri:0, instance:com.ge.DAP.APItestscipts.SearchApi@5bc79255]" name="searchby_AssetId" duration-ms="2586" started-at="2017-02-08T16:38:35Z" description="Testing the search by asset_ID API " data-provider="getData" finished-at="2017-02-08T16:38:38Z">
          <params>
            <param index="0">
              <value>
                <![CDATA[6]]>
              </value>
            </param>
            <param index="1">
              <value>
                <![CDATA[assets/search?sourceKey=@]]>
              </value>
            </param>
            <param index="2">
              <value>
                <![CDATA[Business-Unit=power,Predix-Zone-Id=6320dde5-5bfb-4d20-973c-3c4066756f16,Content-Type=application/json,Authorization= ]]>
              </value>
            </param>
            <param index="3">
              <value>
                <![CDATA[https://dap-go-service-v1.run.aws-usw02-pr.ice.predix.io/assets/search?sourceKey=@]]>
              </value>
            </param>
            <param index="4">
              <value>
                <![CDATA[200]]>
              </value>
            </param>
          </params>
          <exception class="java.lang.AssertionError">
            <message>
              <![CDATA[Oops!!!! Actual and Expected values doesnt match 404 200 expected [200] but found [404]]]>
            </message>
            <full-stacktrace>
              <![CDATA[java.lang.AssertionError: Oops!!!! Actual and Expected values doesnt match 404 200 expected [200] but found [404]
	at org.testng.Assert.fail(Assert.java:94)
	at org.testng.Assert.failNotEquals(Assert.java:494)
	at org.testng.Assert.assertEquals(Assert.java:123)
	at org.testng.Assert.assertEquals(Assert.java:370)
	at com.ge.DAP.actionEngines.ApiHanddler.validate_equal(ApiHanddler.java:246)
	at com.ge.DAP.APItestscipts.SearchApi.searchby_AssetId(SearchApi.java:41)
	at sun.reflect.NativeMethodAccessorImpl.invoke0(Native Method)
	at sun.reflect.NativeMethodAccessorImpl.invoke(NativeMethodAccessorImpl.java:62)
	at sun.reflect.DelegatingMethodAccessorImpl.invoke(DelegatingMethodAccessorImpl.java:43)
	at java.lang.reflect.Method.invoke(Method.java:498)
	at org.testng.internal.MethodInvocationHelper.invokeMethod(MethodInvocationHelper.java:80)
	at org.testng.internal.Invoker.invokeMethod(Invoker.java:714)
	at org.testng.internal.Invoker.invokeTestMethod(Invoker.java:901)
	at org.testng.internal.Invoker.invokeTestMethods(Invoker.java:1231)
	at org.testng.internal.TestMethodWorker.invokeTestMethods(TestMethodWorker.java:127)
	at org.testng.internal.TestMethodWorker.run(TestMethodWorker.java:111)
	at org.testng.TestRunner.privateRun(TestRunner.java:767)
	at org.testng.TestRunner.run(TestRunner.java:617)
	at org.testng.SuiteRunner.runTest(SuiteRunner.java:334)
	at org.testng.SuiteRunner.runSequentially(SuiteRunner.java:329)
	at org.testng.SuiteRunner.privateRun(SuiteRunner.java:291)
	at org.testng.SuiteRunner.run(SuiteRunner.java:240)
	at org.testng.SuiteRunnerWorker.runSuite(SuiteRunnerWorker.java:52)
	at org.testng.SuiteRunnerWorker.run(SuiteRunnerWorker.java:86)
	at org.testng.TestNG.runSuitesSequentially(TestNG.java:1198)
	at org.testng.TestNG.runSuitesLocally(TestNG.java:1123)
	at org.testng.TestNG.run(TestNG.java:1031)
	at org.testng.remote.AbstractRemoteTestNG.run(AbstractRemoteTestNG.java:132)
	at org.testng.remote.RemoteTestNG.initAndRun(RemoteTestNG.java:236)
	at org.testng.remote.RemoteTestNG.main(RemoteTestNG.java:81)
]]>
            </full-stacktrace>
          </exception> <!-- java.lang.AssertionError -->
          <reporter-output>
          </reporter-output>
        </test-method> <!-- searchby_AssetId -->
        <test-method status="FAIL" signature="searchby_AssetId(java.lang.String, java.lang.String, java.lang.String, java.lang.String, java.lang.String)[pri:0, instance:com.ge.DAP.APItestscipts.SearchApi@5bc79255]" name="searchby_AssetId" duration-ms="2845" started-at="2017-02-08T16:38:38Z" description="Testing the search by asset_ID API " data-provider="getData" finished-at="2017-02-08T16:38:41Z">
          <params>
            <param index="0">
              <value>
                <![CDATA[7]]>
              </value>
            </param>
            <param index="1">
              <value>
                <![CDATA[assets/search?sourceKey=!]]>
              </value>
            </param>
            <param index="2">
              <value>
                <![CDATA[Business-Unit=power,Predix-Zone-Id=6320dde5-5bfb-4d20-973c-3c4066756f16,Content-Type=application/json,Authorization= ]]>
              </value>
            </param>
            <param index="3">
              <value>
                <![CDATA[https://dap-go-service-v1.run.aws-usw02-pr.ice.predix.io/assets/search?sourceKey=!]]>
              </value>
            </param>
            <param index="4">
              <value>
                <![CDATA[200]]>
              </value>
            </param>
          </params>
          <exception class="java.lang.AssertionError">
            <message>
              <![CDATA[Oops!!!! Actual and Expected values doesnt match 404 200 expected [200] but found [404]]]>
            </message>
            <full-stacktrace>
              <![CDATA[java.lang.AssertionError: Oops!!!! Actual and Expected values doesnt match 404 200 expected [200] but found [404]
	at org.testng.Assert.fail(Assert.java:94)
	at org.testng.Assert.failNotEquals(Assert.java:494)
	at org.testng.Assert.assertEquals(Assert.java:123)
	at org.testng.Assert.assertEquals(Assert.java:370)
	at com.ge.DAP.actionEngines.ApiHanddler.validate_equal(ApiHanddler.java:246)
	at com.ge.DAP.APItestscipts.SearchApi.searchby_AssetId(SearchApi.java:41)
	at sun.reflect.NativeMethodAccessorImpl.invoke0(Native Method)
	at sun.reflect.NativeMethodAccessorImpl.invoke(NativeMethodAccessorImpl.java:62)
	at sun.reflect.DelegatingMethodAccessorImpl.invoke(DelegatingMethodAccessorImpl.java:43)
	at java.lang.reflect.Method.invoke(Method.java:498)
	at org.testng.internal.MethodInvocationHelper.invokeMethod(MethodInvocationHelper.java:80)
	at org.testng.internal.Invoker.invokeMethod(Invoker.java:714)
	at org.testng.internal.Invoker.invokeTestMethod(Invoker.java:901)
	at org.testng.internal.Invoker.invokeTestMethods(Invoker.java:1231)
	at org.testng.internal.TestMethodWorker.invokeTestMethods(TestMethodWorker.java:127)
	at org.testng.internal.TestMethodWorker.run(TestMethodWorker.java:111)
	at org.testng.TestRunner.privateRun(TestRunner.java:767)
	at org.testng.TestRunner.run(TestRunner.java:617)
	at org.testng.SuiteRunner.runTest(SuiteRunner.java:334)
	at org.testng.SuiteRunner.runSequentially(SuiteRunner.java:329)
	at org.testng.SuiteRunner.privateRun(SuiteRunner.java:291)
	at org.testng.SuiteRunner.run(SuiteRunner.java:240)
	at org.testng.SuiteRunnerWorker.runSuite(SuiteRunnerWorker.java:52)
	at org.testng.SuiteRunnerWorker.run(SuiteRunnerWorker.java:86)
	at org.testng.TestNG.runSuitesSequentially(TestNG.java:1198)
	at org.testng.TestNG.runSuitesLocally(TestNG.java:1123)
	at org.testng.TestNG.run(TestNG.java:1031)
	at org.testng.remote.AbstractRemoteTestNG.run(AbstractRemoteTestNG.java:132)
	at org.testng.remote.RemoteTestNG.initAndRun(RemoteTestNG.java:236)
	at org.testng.remote.RemoteTestNG.main(RemoteTestNG.java:81)
]]>
            </full-stacktrace>
          </exception> <!-- java.lang.AssertionError -->
          <reporter-output>
          </reporter-output>
        </test-method> <!-- searchby_AssetId -->
        <test-method status="FAIL" signature="searchby_AssetId(java.lang.String, java.lang.String, java.lang.String, java.lang.String, java.lang.String)[pri:0, instance:com.ge.DAP.APItestscipts.SearchApi@5bc79255]" name="searchby_AssetId" duration-ms="2922" started-at="2017-02-08T16:38:41Z" description="Testing the search by asset_ID API " data-provider="getData" finished-at="2017-02-08T16:38:43Z">
          <params>
            <param index="0">
              <value>
                <![CDATA[8]]>
              </value>
            </param>
            <param index="1">
              <value>
                <![CDATA[assets/search?sourceKey=]]>
              </value>
            </param>
            <param index="2">
              <value>
                <![CDATA[Business-Unit=power,Predix-Zone-Id=6320dde5-5bfb-4d20-973c-3c4066756f16,Content-Type=application/json,Authorization= ]]>
              </value>
            </param>
            <param index="3">
              <value>
                <![CDATA[https://dap-go-service-v1.run.aws-usw02-pr.ice.predix.io/assets/search?sourceKey=]]>
              </value>
            </param>
            <param index="4">
              <value>
                <![CDATA[200]]>
              </value>
            </param>
          </params>
          <exception class="java.lang.AssertionError">
            <message>
              <![CDATA[Oops!!!! Actual and Expected values doesnt match 404 200 expected [200] but found [404]]]>
            </message>
            <full-stacktrace>
              <![CDATA[java.lang.AssertionError: Oops!!!! Actual and Expected values doesnt match 404 200 expected [200] but found [404]
	at org.testng.Assert.fail(Assert.java:94)
	at org.testng.Assert.failNotEquals(Assert.java:494)
	at org.testng.Assert.assertEquals(Assert.java:123)
	at org.testng.Assert.assertEquals(Assert.java:370)
	at com.ge.DAP.actionEngines.ApiHanddler.validate_equal(ApiHanddler.java:246)
	at com.ge.DAP.APItestscipts.SearchApi.searchby_AssetId(SearchApi.java:41)
	at sun.reflect.NativeMethodAccessorImpl.invoke0(Native Method)
	at sun.reflect.NativeMethodAccessorImpl.invoke(NativeMethodAccessorImpl.java:62)
	at sun.reflect.DelegatingMethodAccessorImpl.invoke(DelegatingMethodAccessorImpl.java:43)
	at java.lang.reflect.Method.invoke(Method.java:498)
	at org.testng.internal.MethodInvocationHelper.invokeMethod(MethodInvocationHelper.java:80)
	at org.testng.internal.Invoker.invokeMethod(Invoker.java:714)
	at org.testng.internal.Invoker.invokeTestMethod(Invoker.java:901)
	at org.testng.internal.Invoker.invokeTestMethods(Invoker.java:1231)
	at org.testng.internal.TestMethodWorker.invokeTestMethods(TestMethodWorker.java:127)
	at org.testng.internal.TestMethodWorker.run(TestMethodWorker.java:111)
	at org.testng.TestRunner.privateRun(TestRunner.java:767)
	at org.testng.TestRunner.run(TestRunner.java:617)
	at org.testng.SuiteRunner.runTest(SuiteRunner.java:334)
	at org.testng.SuiteRunner.runSequentially(SuiteRunner.java:329)
	at org.testng.SuiteRunner.privateRun(SuiteRunner.java:291)
	at org.testng.SuiteRunner.run(SuiteRunner.java:240)
	at org.testng.SuiteRunnerWorker.runSuite(SuiteRunnerWorker.java:52)
	at org.testng.SuiteRunnerWorker.run(SuiteRunnerWorker.java:86)
	at org.testng.TestNG.runSuitesSequentially(TestNG.java:1198)
	at org.testng.TestNG.runSuitesLocally(TestNG.java:1123)
	at org.testng.TestNG.run(TestNG.java:1031)
	at org.testng.remote.AbstractRemoteTestNG.run(AbstractRemoteTestNG.java:132)
	at org.testng.remote.RemoteTestNG.initAndRun(RemoteTestNG.java:236)
	at org.testng.remote.RemoteTestNG.main(RemoteTestNG.java:81)
]]>
            </full-stacktrace>
          </exception> <!-- java.lang.AssertionError -->
          <reporter-output>
          </reporter-output>
        </test-method> <!-- searchby_AssetId -->
        <test-method status="FAIL" signature="searchby_AssetId(java.lang.String, java.lang.String, java.lang.String, java.lang.String, java.lang.String)[pri:0, instance:com.ge.DAP.APItestscipts.SearchApi@5bc79255]" name="searchby_AssetId" duration-ms="2968" started-at="2017-02-08T16:38:43Z" description="Testing the search by asset_ID API " data-provider="getData" finished-at="2017-02-08T16:38:46Z">
          <params>
            <param index="0">
              <value>
                <![CDATA[9]]>
              </value>
            </param>
            <param index="1">
              <value>
                <![CDATA[assets/search?sourceKey=abc]]>
              </value>
            </param>
            <param index="2">
              <value>
                <![CDATA[Business-Unit=power,Predix-Zone-Id=6320dde5-5bfb-4d20-973c-3c4066756f16,Content-Type=application/json,Authorization= ]]>
              </value>
            </param>
            <param index="3">
              <value>
                <![CDATA[https://dap-go-service-v1.run.aws-usw02-pr.ice.predix.io/assets/search?sourceKey=abc]]>
              </value>
            </param>
            <param index="4">
              <value>
                <![CDATA[200]]>
              </value>
            </param>
          </params>
          <exception class="java.lang.AssertionError">
            <message>
              <![CDATA[Oops!!!! Actual and Expected values doesnt match 404 200 expected [200] but found [404]]]>
            </message>
            <full-stacktrace>
              <![CDATA[java.lang.AssertionError: Oops!!!! Actual and Expected values doesnt match 404 200 expected [200] but found [404]
	at org.testng.Assert.fail(Assert.java:94)
	at org.testng.Assert.failNotEquals(Assert.java:494)
	at org.testng.Assert.assertEquals(Assert.java:123)
	at org.testng.Assert.assertEquals(Assert.java:370)
	at com.ge.DAP.actionEngines.ApiHanddler.validate_equal(ApiHanddler.java:246)
	at com.ge.DAP.APItestscipts.SearchApi.searchby_AssetId(SearchApi.java:41)
	at sun.reflect.NativeMethodAccessorImpl.invoke0(Native Method)
	at sun.reflect.NativeMethodAccessorImpl.invoke(NativeMethodAccessorImpl.java:62)
	at sun.reflect.DelegatingMethodAccessorImpl.invoke(DelegatingMethodAccessorImpl.java:43)
	at java.lang.reflect.Method.invoke(Method.java:498)
	at org.testng.internal.MethodInvocationHelper.invokeMethod(MethodInvocationHelper.java:80)
	at org.testng.internal.Invoker.invokeMethod(Invoker.java:714)
	at org.testng.internal.Invoker.invokeTestMethod(Invoker.java:901)
	at org.testng.internal.Invoker.invokeTestMethods(Invoker.java:1231)
	at org.testng.internal.TestMethodWorker.invokeTestMethods(TestMethodWorker.java:127)
	at org.testng.internal.TestMethodWorker.run(TestMethodWorker.java:111)
	at org.testng.TestRunner.privateRun(TestRunner.java:767)
	at org.testng.TestRunner.run(TestRunner.java:617)
	at org.testng.SuiteRunner.runTest(SuiteRunner.java:334)
	at org.testng.SuiteRunner.runSequentially(SuiteRunner.java:329)
	at org.testng.SuiteRunner.privateRun(SuiteRunner.java:291)
	at org.testng.SuiteRunner.run(SuiteRunner.java:240)
	at org.testng.SuiteRunnerWorker.runSuite(SuiteRunnerWorker.java:52)
	at org.testng.SuiteRunnerWorker.run(SuiteRunnerWorker.java:86)
	at org.testng.TestNG.runSuitesSequentially(TestNG.java:1198)
	at org.testng.TestNG.runSuitesLocally(TestNG.java:1123)
	at org.testng.TestNG.run(TestNG.java:1031)
	at org.testng.remote.AbstractRemoteTestNG.run(AbstractRemoteTestNG.java:132)
	at org.testng.remote.RemoteTestNG.initAndRun(RemoteTestNG.java:236)
	at org.testng.remote.RemoteTestNG.main(RemoteTestNG.java:81)
]]>
            </full-stacktrace>
          </exception> <!-- java.lang.AssertionError -->
          <reporter-output>
          </reporter-output>
        </test-method> <!-- searchby_AssetId -->
        <test-method status="FAIL" signature="searchby_AssetId(java.lang.String, java.lang.String, java.lang.String, java.lang.String, java.lang.String)[pri:0, instance:com.ge.DAP.APItestscipts.SearchApi@5bc79255]" name="searchby_AssetId" duration-ms="2364" started-at="2017-02-08T16:38:46Z" description="Testing the search by asset_ID API " data-provider="getData" finished-at="2017-02-08T16:38:49Z">
          <params>
            <param index="0">
              <value>
                <![CDATA[10]]>
              </value>
            </param>
            <param index="1">
              <value>
                <![CDATA[assets/search?sourceKey=0016b410-11f7-43f8-ba3a-0d347392e3850016b410-11f7-43f8-ba3a-0d347392e385]]>
              </value>
            </param>
            <param index="2">
              <value>
                <![CDATA[Business-Unit=power,Predix-Zone-Id=6320dde5-5bfb-4d20-973c-3c4066756f16,Content-Type=application/json,Authorization= ]]>
              </value>
            </param>
            <param index="3">
              <value>
                <![CDATA[https://dap-go-service-v1.run.aws-usw02-pr.ice.predix.io/assets/search?sourceKey=0016b410-11f7-43f8-ba3a-0d347392e3850016b410-11f7-43f8-ba3a-0d347392e385]]>
              </value>
            </param>
            <param index="4">
              <value>
                <![CDATA[200]]>
              </value>
            </param>
          </params>
          <exception class="java.lang.AssertionError">
            <message>
              <![CDATA[Oops!!!! Actual and Expected values doesnt match 404 200 expected [200] but found [404]]]>
            </message>
            <full-stacktrace>
              <![CDATA[java.lang.AssertionError: Oops!!!! Actual and Expected values doesnt match 404 200 expected [200] but found [404]
	at org.testng.Assert.fail(Assert.java:94)
	at org.testng.Assert.failNotEquals(Assert.java:494)
	at org.testng.Assert.assertEquals(Assert.java:123)
	at org.testng.Assert.assertEquals(Assert.java:370)
	at com.ge.DAP.actionEngines.ApiHanddler.validate_equal(ApiHanddler.java:246)
	at com.ge.DAP.APItestscipts.SearchApi.searchby_AssetId(SearchApi.java:41)
	at sun.reflect.NativeMethodAccessorImpl.invoke0(Native Method)
	at sun.reflect.NativeMethodAccessorImpl.invoke(NativeMethodAccessorImpl.java:62)
	at sun.reflect.DelegatingMethodAccessorImpl.invoke(DelegatingMethodAccessorImpl.java:43)
	at java.lang.reflect.Method.invoke(Method.java:498)
	at org.testng.internal.MethodInvocationHelper.invokeMethod(MethodInvocationHelper.java:80)
	at org.testng.internal.Invoker.invokeMethod(Invoker.java:714)
	at org.testng.internal.Invoker.invokeTestMethod(Invoker.java:901)
	at org.testng.internal.Invoker.invokeTestMethods(Invoker.java:1231)
	at org.testng.internal.TestMethodWorker.invokeTestMethods(TestMethodWorker.java:127)
	at org.testng.internal.TestMethodWorker.run(TestMethodWorker.java:111)
	at org.testng.TestRunner.privateRun(TestRunner.java:767)
	at org.testng.TestRunner.run(TestRunner.java:617)
	at org.testng.SuiteRunner.runTest(SuiteRunner.java:334)
	at org.testng.SuiteRunner.runSequentially(SuiteRunner.java:329)
	at org.testng.SuiteRunner.privateRun(SuiteRunner.java:291)
	at org.testng.SuiteRunner.run(SuiteRunner.java:240)
	at org.testng.SuiteRunnerWorker.runSuite(SuiteRunnerWorker.java:52)
	at org.testng.SuiteRunnerWorker.run(SuiteRunnerWorker.java:86)
	at org.testng.TestNG.runSuitesSequentially(TestNG.java:1198)
	at org.testng.TestNG.runSuitesLocally(TestNG.java:1123)
	at org.testng.TestNG.run(TestNG.java:1031)
	at org.testng.remote.AbstractRemoteTestNG.run(AbstractRemoteTestNG.java:132)
	at org.testng.remote.RemoteTestNG.initAndRun(RemoteTestNG.java:236)
	at org.testng.remote.RemoteTestNG.main(RemoteTestNG.java:81)
]]>
            </full-stacktrace>
          </exception> <!-- java.lang.AssertionError -->
          <reporter-output>
          </reporter-output>
        </test-method> <!-- searchby_AssetId -->
        <test-method status="FAIL" signature="searchby_AssetId(java.lang.String, java.lang.String, java.lang.String, java.lang.String, java.lang.String)[pri:0, instance:com.ge.DAP.APItestscipts.SearchApi@5bc79255]" name="searchby_AssetId" duration-ms="2465" started-at="2017-02-08T16:38:49Z" description="Testing the search by asset_ID API " data-provider="getData" finished-at="2017-02-08T16:38:51Z">
          <params>
            <param index="0">
              <value>
                <![CDATA[11]]>
              </value>
            </param>
            <param index="1">
              <value>
                <![CDATA[assets/search?sourceKey=0016b410&11f7&43f8&ba3a&0d347392e385]]>
              </value>
            </param>
            <param index="2">
              <value>
                <![CDATA[Business-Unit=power,Predix-Zone-Id=6320dde5-5bfb-4d20-973c-3c4066756f16,Content-Type=application/json,Authorization= ]]>
              </value>
            </param>
            <param index="3">
              <value>
                <![CDATA[https://dap-go-service-v1.run.aws-usw02-pr.ice.predix.io/assets/search?sourceKey=0016b410&11f7&43f8&ba3a&0d347392e385]]>
              </value>
            </param>
            <param index="4">
              <value>
                <![CDATA[200]]>
              </value>
            </param>
          </params>
          <exception class="java.lang.AssertionError">
            <message>
              <![CDATA[Oops!!!! Actual and Expected values doesnt match 404 200 expected [200] but found [404]]]>
            </message>
            <full-stacktrace>
              <![CDATA[java.lang.AssertionError: Oops!!!! Actual and Expected values doesnt match 404 200 expected [200] but found [404]
	at org.testng.Assert.fail(Assert.java:94)
	at org.testng.Assert.failNotEquals(Assert.java:494)
	at org.testng.Assert.assertEquals(Assert.java:123)
	at org.testng.Assert.assertEquals(Assert.java:370)
	at com.ge.DAP.actionEngines.ApiHanddler.validate_equal(ApiHanddler.java:246)
	at com.ge.DAP.APItestscipts.SearchApi.searchby_AssetId(SearchApi.java:41)
	at sun.reflect.NativeMethodAccessorImpl.invoke0(Native Method)
	at sun.reflect.NativeMethodAccessorImpl.invoke(NativeMethodAccessorImpl.java:62)
	at sun.reflect.DelegatingMethodAccessorImpl.invoke(DelegatingMethodAccessorImpl.java:43)
	at java.lang.reflect.Method.invoke(Method.java:498)
	at org.testng.internal.MethodInvocationHelper.invokeMethod(MethodInvocationHelper.java:80)
	at org.testng.internal.Invoker.invokeMethod(Invoker.java:714)
	at org.testng.internal.Invoker.invokeTestMethod(Invoker.java:901)
	at org.testng.internal.Invoker.invokeTestMethods(Invoker.java:1231)
	at org.testng.internal.TestMethodWorker.invokeTestMethods(TestMethodWorker.java:127)
	at org.testng.internal.TestMethodWorker.run(TestMethodWorker.java:111)
	at org.testng.TestRunner.privateRun(TestRunner.java:767)
	at org.testng.TestRunner.run(TestRunner.java:617)
	at org.testng.SuiteRunner.runTest(SuiteRunner.java:334)
	at org.testng.SuiteRunner.runSequentially(SuiteRunner.java:329)
	at org.testng.SuiteRunner.privateRun(SuiteRunner.java:291)
	at org.testng.SuiteRunner.run(SuiteRunner.java:240)
	at org.testng.SuiteRunnerWorker.runSuite(SuiteRunnerWorker.java:52)
	at org.testng.SuiteRunnerWorker.run(SuiteRunnerWorker.java:86)
	at org.testng.TestNG.runSuitesSequentially(TestNG.java:1198)
	at org.testng.TestNG.runSuitesLocally(TestNG.java:1123)
	at org.testng.TestNG.run(TestNG.java:1031)
	at org.testng.remote.AbstractRemoteTestNG.run(AbstractRemoteTestNG.java:132)
	at org.testng.remote.RemoteTestNG.initAndRun(RemoteTestNG.java:236)
	at org.testng.remote.RemoteTestNG.main(RemoteTestNG.java:81)
]]>
            </full-stacktrace>
          </exception> <!-- java.lang.AssertionError -->
          <reporter-output>
          </reporter-output>
        </test-method> <!-- searchby_AssetId -->
        <test-method status="FAIL" signature="searchby_AssetId(java.lang.String, java.lang.String, java.lang.String, java.lang.String, java.lang.String)[pri:0, instance:com.ge.DAP.APItestscipts.SearchApi@5bc79255]" name="searchby_AssetId" duration-ms="2461" started-at="2017-02-08T16:38:51Z" description="Testing the search by asset_ID API " data-provider="getData" finished-at="2017-02-08T16:38:54Z">
          <params>
            <param index="0">
              <value>
                <![CDATA[12]]>
              </value>
            </param>
            <param index="1">
              <value>
                <![CDATA[assets/search?sourceKey=00*]]>
              </value>
            </param>
            <param index="2">
              <value>
                <![CDATA[Business-Unit=power,Predix-Zone-Id=6320dde5-5bfb-4d20-973c-3c4066756f16,Content-Type=application/json,Authorization= ]]>
              </value>
            </param>
            <param index="3">
              <value>
                <![CDATA[https://dap-go-service-v1.run.aws-usw02-pr.ice.predix.io/assets/search?sourceKey=00*]]>
              </value>
            </param>
            <param index="4">
              <value>
                <![CDATA[200]]>
              </value>
            </param>
          </params>
          <exception class="java.lang.AssertionError">
            <message>
              <![CDATA[Oops!!!! Actual and Expected values doesnt match 404 200 expected [200] but found [404]]]>
            </message>
            <full-stacktrace>
              <![CDATA[java.lang.AssertionError: Oops!!!! Actual and Expected values doesnt match 404 200 expected [200] but found [404]
	at org.testng.Assert.fail(Assert.java:94)
	at org.testng.Assert.failNotEquals(Assert.java:494)
	at org.testng.Assert.assertEquals(Assert.java:123)
	at org.testng.Assert.assertEquals(Assert.java:370)
	at com.ge.DAP.actionEngines.ApiHanddler.validate_equal(ApiHanddler.java:246)
	at com.ge.DAP.APItestscipts.SearchApi.searchby_AssetId(SearchApi.java:41)
	at sun.reflect.NativeMethodAccessorImpl.invoke0(Native Method)
	at sun.reflect.NativeMethodAccessorImpl.invoke(NativeMethodAccessorImpl.java:62)
	at sun.reflect.DelegatingMethodAccessorImpl.invoke(DelegatingMethodAccessorImpl.java:43)
	at java.lang.reflect.Method.invoke(Method.java:498)
	at org.testng.internal.MethodInvocationHelper.invokeMethod(MethodInvocationHelper.java:80)
	at org.testng.internal.Invoker.invokeMethod(Invoker.java:714)
	at org.testng.internal.Invoker.invokeTestMethod(Invoker.java:901)
	at org.testng.internal.Invoker.invokeTestMethods(Invoker.java:1231)
	at org.testng.internal.TestMethodWorker.invokeTestMethods(TestMethodWorker.java:127)
	at org.testng.internal.TestMethodWorker.run(TestMethodWorker.java:111)
	at org.testng.TestRunner.privateRun(TestRunner.java:767)
	at org.testng.TestRunner.run(TestRunner.java:617)
	at org.testng.SuiteRunner.runTest(SuiteRunner.java:334)
	at org.testng.SuiteRunner.runSequentially(SuiteRunner.java:329)
	at org.testng.SuiteRunner.privateRun(SuiteRunner.java:291)
	at org.testng.SuiteRunner.run(SuiteRunner.java:240)
	at org.testng.SuiteRunnerWorker.runSuite(SuiteRunnerWorker.java:52)
	at org.testng.SuiteRunnerWorker.run(SuiteRunnerWorker.java:86)
	at org.testng.TestNG.runSuitesSequentially(TestNG.java:1198)
	at org.testng.TestNG.runSuitesLocally(TestNG.java:1123)
	at org.testng.TestNG.run(TestNG.java:1031)
	at org.testng.remote.AbstractRemoteTestNG.run(AbstractRemoteTestNG.java:132)
	at org.testng.remote.RemoteTestNG.initAndRun(RemoteTestNG.java:236)
	at org.testng.remote.RemoteTestNG.main(RemoteTestNG.java:81)
]]>
            </full-stacktrace>
          </exception> <!-- java.lang.AssertionError -->
          <reporter-output>
          </reporter-output>
        </test-method> <!-- searchby_AssetId -->
        <test-method status="FAIL" signature="searchby_AssetId(java.lang.String, java.lang.String, java.lang.String, java.lang.String, java.lang.String)[pri:0, instance:com.ge.DAP.APItestscipts.SearchApi@5bc79255]" name="searchby_AssetId" duration-ms="2528" started-at="2017-02-08T16:38:54Z" description="Testing the search by asset_ID API " data-provider="getData" finished-at="2017-02-08T16:38:56Z">
          <params>
            <param index="0">
              <value>
                <![CDATA[13]]>
              </value>
            </param>
            <param index="1">
              <value>
                <![CDATA[assets/search?sourceKey=0016b410-11f7-43f8-ba3a-0d347392e385]]>
              </value>
            </param>
            <param index="2">
              <value>
                <![CDATA[Business-Unit=Power,Predix-Zone-Id=6320dde5-5bfb-4d20-973c-3c4066756f16,Content-Type=application/json,Authorization= ]]>
              </value>
            </param>
            <param index="3">
              <value>
                <![CDATA[https://dap-go-service-v1.run.aws-usw02-pr.ice.predix.io/assets/search?sourceKey=0016b410-11f7-43f8-ba3a-0d347392e385]]>
              </value>
            </param>
            <param index="4">
              <value>
                <![CDATA[400]]>
              </value>
            </param>
          </params>
          <exception class="java.lang.AssertionError">
            <message>
              <![CDATA[Oops!!!! Actual and Expected values doesnt match 404 400 expected [400] but found [404]]]>
            </message>
            <full-stacktrace>
              <![CDATA[java.lang.AssertionError: Oops!!!! Actual and Expected values doesnt match 404 400 expected [400] but found [404]
	at org.testng.Assert.fail(Assert.java:94)
	at org.testng.Assert.failNotEquals(Assert.java:494)
	at org.testng.Assert.assertEquals(Assert.java:123)
	at org.testng.Assert.assertEquals(Assert.java:370)
	at com.ge.DAP.actionEngines.ApiHanddler.validate_equal(ApiHanddler.java:246)
	at com.ge.DAP.APItestscipts.SearchApi.searchby_AssetId(SearchApi.java:41)
	at sun.reflect.NativeMethodAccessorImpl.invoke0(Native Method)
	at sun.reflect.NativeMethodAccessorImpl.invoke(NativeMethodAccessorImpl.java:62)
	at sun.reflect.DelegatingMethodAccessorImpl.invoke(DelegatingMethodAccessorImpl.java:43)
	at java.lang.reflect.Method.invoke(Method.java:498)
	at org.testng.internal.MethodInvocationHelper.invokeMethod(MethodInvocationHelper.java:80)
	at org.testng.internal.Invoker.invokeMethod(Invoker.java:714)
	at org.testng.internal.Invoker.invokeTestMethod(Invoker.java:901)
	at org.testng.internal.Invoker.invokeTestMethods(Invoker.java:1231)
	at org.testng.internal.TestMethodWorker.invokeTestMethods(TestMethodWorker.java:127)
	at org.testng.internal.TestMethodWorker.run(TestMethodWorker.java:111)
	at org.testng.TestRunner.privateRun(TestRunner.java:767)
	at org.testng.TestRunner.run(TestRunner.java:617)
	at org.testng.SuiteRunner.runTest(SuiteRunner.java:334)
	at org.testng.SuiteRunner.runSequentially(SuiteRunner.java:329)
	at org.testng.SuiteRunner.privateRun(SuiteRunner.java:291)
	at org.testng.SuiteRunner.run(SuiteRunner.java:240)
	at org.testng.SuiteRunnerWorker.runSuite(SuiteRunnerWorker.java:52)
	at org.testng.SuiteRunnerWorker.run(SuiteRunnerWorker.java:86)
	at org.testng.TestNG.runSuitesSequentially(TestNG.java:1198)
	at org.testng.TestNG.runSuitesLocally(TestNG.java:1123)
	at org.testng.TestNG.run(TestNG.java:1031)
	at org.testng.remote.AbstractRemoteTestNG.run(AbstractRemoteTestNG.java:132)
	at org.testng.remote.RemoteTestNG.initAndRun(RemoteTestNG.java:236)
	at org.testng.remote.RemoteTestNG.main(RemoteTestNG.java:81)
]]>
            </full-stacktrace>
          </exception> <!-- java.lang.AssertionError -->
          <reporter-output>
          </reporter-output>
        </test-method> <!-- searchby_AssetId -->
        <test-method status="FAIL" signature="searchby_AssetId(java.lang.String, java.lang.String, java.lang.String, java.lang.String, java.lang.String)[pri:0, instance:com.ge.DAP.APItestscipts.SearchApi@5bc79255]" name="searchby_AssetId" duration-ms="2921" started-at="2017-02-08T16:38:56Z" description="Testing the search by asset_ID API " data-provider="getData" finished-at="2017-02-08T16:38:59Z">
          <params>
            <param index="0">
              <value>
                <![CDATA[14]]>
              </value>
            </param>
            <param index="1">
              <value>
                <![CDATA[assets/search?sourceKey=0016b410-11f7-43f8-ba3a-0d347392e385]]>
              </value>
            </param>
            <param index="2">
              <value>
                <![CDATA[Business-Unit=Power,Predix-Zone-I=6320dde5-5bfb-4d20-973c-3c4066756f16,Content-Type=application/json,Authorization= ]]>
              </value>
            </param>
            <param index="3">
              <value>
                <![CDATA[https://dap-go-service-v1.run.aws-usw02-pr.ice.predix.io/assets/search?sourceKey=0016b410-11f7-43f8-ba3a-0d347392e385]]>
              </value>
            </param>
            <param index="4">
              <value>
                <![CDATA[428]]>
              </value>
            </param>
          </params>
          <exception class="java.lang.AssertionError">
            <message>
              <![CDATA[Oops!!!! Actual and Expected values doesnt match 404 428 expected [428] but found [404]]]>
            </message>
            <full-stacktrace>
              <![CDATA[java.lang.AssertionError: Oops!!!! Actual and Expected values doesnt match 404 428 expected [428] but found [404]
	at org.testng.Assert.fail(Assert.java:94)
	at org.testng.Assert.failNotEquals(Assert.java:494)
	at org.testng.Assert.assertEquals(Assert.java:123)
	at org.testng.Assert.assertEquals(Assert.java:370)
	at com.ge.DAP.actionEngines.ApiHanddler.validate_equal(ApiHanddler.java:246)
	at com.ge.DAP.APItestscipts.SearchApi.searchby_AssetId(SearchApi.java:41)
	at sun.reflect.NativeMethodAccessorImpl.invoke0(Native Method)
	at sun.reflect.NativeMethodAccessorImpl.invoke(NativeMethodAccessorImpl.java:62)
	at sun.reflect.DelegatingMethodAccessorImpl.invoke(DelegatingMethodAccessorImpl.java:43)
	at java.lang.reflect.Method.invoke(Method.java:498)
	at org.testng.internal.MethodInvocationHelper.invokeMethod(MethodInvocationHelper.java:80)
	at org.testng.internal.Invoker.invokeMethod(Invoker.java:714)
	at org.testng.internal.Invoker.invokeTestMethod(Invoker.java:901)
	at org.testng.internal.Invoker.invokeTestMethods(Invoker.java:1231)
	at org.testng.internal.TestMethodWorker.invokeTestMethods(TestMethodWorker.java:127)
	at org.testng.internal.TestMethodWorker.run(TestMethodWorker.java:111)
	at org.testng.TestRunner.privateRun(TestRunner.java:767)
	at org.testng.TestRunner.run(TestRunner.java:617)
	at org.testng.SuiteRunner.runTest(SuiteRunner.java:334)
	at org.testng.SuiteRunner.runSequentially(SuiteRunner.java:329)
	at org.testng.SuiteRunner.privateRun(SuiteRunner.java:291)
	at org.testng.SuiteRunner.run(SuiteRunner.java:240)
	at org.testng.SuiteRunnerWorker.runSuite(SuiteRunnerWorker.java:52)
	at org.testng.SuiteRunnerWorker.run(SuiteRunnerWorker.java:86)
	at org.testng.TestNG.runSuitesSequentially(TestNG.java:1198)
	at org.testng.TestNG.runSuitesLocally(TestNG.java:1123)
	at org.testng.TestNG.run(TestNG.java:1031)
	at org.testng.remote.AbstractRemoteTestNG.run(AbstractRemoteTestNG.java:132)
	at org.testng.remote.RemoteTestNG.initAndRun(RemoteTestNG.java:236)
	at org.testng.remote.RemoteTestNG.main(RemoteTestNG.java:81)
]]>
            </full-stacktrace>
          </exception> <!-- java.lang.AssertionError -->
          <reporter-output>
          </reporter-output>
        </test-method> <!-- searchby_AssetId -->
        <test-method status="FAIL" signature="searchby_AssetId(java.lang.String, java.lang.String, java.lang.String, java.lang.String, java.lang.String)[pri:0, instance:com.ge.DAP.APItestscipts.SearchApi@5bc79255]" name="searchby_AssetId" duration-ms="2412" started-at="2017-02-08T16:38:59Z" description="Testing the search by asset_ID API " data-provider="getData" finished-at="2017-02-08T16:39:02Z">
          <params>
            <param index="0">
              <value>
                <![CDATA[15]]>
              </value>
            </param>
            <param index="1">
              <value>
                <![CDATA[assets/search?sourceKey=0016b410-11f7-43f8-ba3a-0d347392e385]]>
              </value>
            </param>
            <param index="2">
              <value>
                <![CDATA[Business-Unit=ower,Predix-Zone-Id=320dde5-5bfb-4d20-973c-3c4066756f16,Content-Type=application/json,Authorization= ]]>
              </value>
            </param>
            <param index="3">
              <value>
                <![CDATA[https://dap-go-service-v1.run.aws-usw02-pr.ice.predix.io/assets/search?sourceKey=0016b410-11f7-43f8-ba3a-0d347392e385]]>
              </value>
            </param>
            <param index="4">
              <value>
                <![CDATA[400]]>
              </value>
            </param>
          </params>
          <exception class="java.lang.AssertionError">
            <message>
              <![CDATA[Oops!!!! Actual and Expected values doesnt match 404 400 expected [400] but found [404]]]>
            </message>
            <full-stacktrace>
              <![CDATA[java.lang.AssertionError: Oops!!!! Actual and Expected values doesnt match 404 400 expected [400] but found [404]
	at org.testng.Assert.fail(Assert.java:94)
	at org.testng.Assert.failNotEquals(Assert.java:494)
	at org.testng.Assert.assertEquals(Assert.java:123)
	at org.testng.Assert.assertEquals(Assert.java:370)
	at com.ge.DAP.actionEngines.ApiHanddler.validate_equal(ApiHanddler.java:246)
	at com.ge.DAP.APItestscipts.SearchApi.searchby_AssetId(SearchApi.java:41)
	at sun.reflect.NativeMethodAccessorImpl.invoke0(Native Method)
	at sun.reflect.NativeMethodAccessorImpl.invoke(NativeMethodAccessorImpl.java:62)
	at sun.reflect.DelegatingMethodAccessorImpl.invoke(DelegatingMethodAccessorImpl.java:43)
	at java.lang.reflect.Method.invoke(Method.java:498)
	at org.testng.internal.MethodInvocationHelper.invokeMethod(MethodInvocationHelper.java:80)
	at org.testng.internal.Invoker.invokeMethod(Invoker.java:714)
	at org.testng.internal.Invoker.invokeTestMethod(Invoker.java:901)
	at org.testng.internal.Invoker.invokeTestMethods(Invoker.java:1231)
	at org.testng.internal.TestMethodWorker.invokeTestMethods(TestMethodWorker.java:127)
	at org.testng.internal.TestMethodWorker.run(TestMethodWorker.java:111)
	at org.testng.TestRunner.privateRun(TestRunner.java:767)
	at org.testng.TestRunner.run(TestRunner.java:617)
	at org.testng.SuiteRunner.runTest(SuiteRunner.java:334)
	at org.testng.SuiteRunner.runSequentially(SuiteRunner.java:329)
	at org.testng.SuiteRunner.privateRun(SuiteRunner.java:291)
	at org.testng.SuiteRunner.run(SuiteRunner.java:240)
	at org.testng.SuiteRunnerWorker.runSuite(SuiteRunnerWorker.java:52)
	at org.testng.SuiteRunnerWorker.run(SuiteRunnerWorker.java:86)
	at org.testng.TestNG.runSuitesSequentially(TestNG.java:1198)
	at org.testng.TestNG.runSuitesLocally(TestNG.java:1123)
	at org.testng.TestNG.run(TestNG.java:1031)
	at org.testng.remote.AbstractRemoteTestNG.run(AbstractRemoteTestNG.java:132)
	at org.testng.remote.RemoteTestNG.initAndRun(RemoteTestNG.java:236)
	at org.testng.remote.RemoteTestNG.main(RemoteTestNG.java:81)
]]>
            </full-stacktrace>
          </exception> <!-- java.lang.AssertionError -->
          <reporter-output>
          </reporter-output>
        </test-method> <!-- searchby_AssetId -->
        <test-method status="FAIL" signature="searchby_AssetId(java.lang.String, java.lang.String, java.lang.String, java.lang.String, java.lang.String)[pri:0, instance:com.ge.DAP.APItestscipts.SearchApi@5bc79255]" name="searchby_AssetId" duration-ms="2658" started-at="2017-02-08T16:39:02Z" description="Testing the search by asset_ID API " data-provider="getData" finished-at="2017-02-08T16:39:04Z">
          <params>
            <param index="0">
              <value>
                <![CDATA[16]]>
              </value>
            </param>
            <param index="1">
              <value>
                <![CDATA[assets/search?sourceKey=0016b410-11f7-43f8-ba3a-0d347392e385]]>
              </value>
            </param>
            <param index="2">
              <value>
                <![CDATA[Business-Unit=power,Predix-Zone-Id=6320dde5-5bfb-4d20-973c-3c4066756f16,Content-Type=application/json,Authorization=eyJhbGciOiJSUzI1NiIsImtpZCI6ImxlZ2FjeS10b2tlbi1rZXkiLCJ0eXAiOiJKV1QifQ.eyJqdGkiOiI0NTFmZWRmYmUxYTc0MGY1OTM0MzBlOWQ5YjA0NzFiNSIsInN1YiI6ImRhcF9jbGllbnRfaWQiLCJzY29wZSI6WyJ0aW1lc2VyaWVzLnpvbmVzLjJkZjBmYTJkLWNmMGQtNDRkNi05YTQ0LTFmMzRmNmYwNDhiYS5pbmdlc3QiLCJ1YWEucmVzb3VyY2UiLCJwcmVkaXgtYXNzZXQuem9uZXMuNjMyMGRkZTUtNWJmYi00ZDIwLTk3M2MtM2M0MDY2NzU2ZjE2LnVzZXIiLCJ0aW1lc2VyaWVzLnpvbmVzLjJkZjBmYTJkLWNmMGQtNDRkNi05YTQ0LTFmMzRmNmYwNDhiYS51c2VyIiwiY2xpZW50LnJlYWQiLCJ0aW1lc2VyaWVzLnpvbmVzLmQ3OGRkZDc5LWEzOTYtNGI4OC1iMDZjLWY2NDI4YTNlMWM3Mi5xdWVyeSIsInNjaW0ucmVhZCIsInRpbWVzZXJpZXMuem9uZXMuZDc4ZGRkNzktYTM5Ni00Yjg4LWIwNmMtZjY0MjhhM2UxYzcyLmluZ2VzdCIsInRpbWVzZXJpZXMuem9uZXMuMmRmMGZhMmQtY2YwZC00NGQ2LTlhNDQtMWYzNGY2ZjA0OGJhLnF1ZXJ5IiwidGltZXNlcmllcy56b25lcy5kNzhkZGQ3OS1hMzk2LTRiODgtYjA2Yy1mNjQyOGEzZTFjNzIudXNlciIsImNsaWVudHMud3JpdGUiLCJzY2ltLndyaXRlIiwicHJlZGl4LWFjcy56b25lcy5jNGRmNjhkOC01ZDdmLTQwNGQtYjE1Ni0zOWNhYzk0NDJmNDcudXNlciJdLCJjbGllbnRfaWQiOiJkYXBfY2xpZW50X2lkIiwiY2lkIjoiZGFwX2NsaWVudF9pZCIsImF6cCI6ImRhcF9jbGllbnRfaWQiLCJncmFudF90eXBlIjoiY2xpZW50X2NyZWRlbnRpYWxzIiwicmV2X3NpZyI6IjhkZTY5N2Y0IiwiaWF0IjoxNDg2NDQ2MTAxLCJleHAiOjE0ODY0ODkzMDEsImlzcyI6Imh0dHBzOi8vMzdiMjc0NmMtYmIyMy00Njg4LTg0OTQtODBjNGVmYzUxY2ZlLnByZWRpeC11YWEucnVuLmF3cy11c3cwMi1wci5pY2UucHJlZGl4LmlvL29hdXRoL3Rva2VuIiwiemlkIjoiMzdiMjc0NmMtYmIyMy00Njg4LTg0OTQtODBjNGVmYzUxY2ZlIiwiYXVkIjpbInNjaW0iLCJjbGllbnRzIiwidWFhIiwidGltZXNlcmllcy56b25lcy5kNzhkZGQ3OS1hMzk2LTRiODgtYjA2Yy1mNjQyOGEzZTFjNzIiLCJwcmVkaXgtYXNzZXQuem9uZXMuNjMyMGRkZTUtNWJmYi00ZDIwLTk3M2MtM2M0MDY2NzU2ZjE2IiwiY2xpZW50IiwiZGFwX2NsaWVudF9pZCIsInRpbWVzZXJpZXMuem9uZXMuMmRmMGZhMmQtY2YwZC00NGQ2LTlhNDQtMWYzNGY2ZjA0OGJhIiwicHJlZGl4LWFjcy56b25lcy5jNGRmNjhkOC01ZDdmLTQwNGQtYjE1Ni0zOWNhYzk0NDJmNDciXX0.CqZ-VoaIYYGiS8Kb_tDbX6U70TXggpOVQAIY66j0eWOGAp5FeNFi2R3enXnSZJL0QtSZgeYP5dzWSn7tDOaQl8d-9xQpgCs8O84ztVjSYJ-wuJfPdORo7GnJVglWgNtsnKSkfxX-3UOZdC6ESAjNYPUGrL9cysrPmxMA6R5RvNbFJ8p327xMHv-LPaiOWGd2123_nfpyLBd3oXPk-X_bvyz3y8uM0sRikNCLPVY3IcQnMR-tdumU5E2sIzw0zN9ZKxgscxh7bKcEg-CSTF6okeWfcPhX5jaHbmJjg02OVGVljs7Aki8YaSi30blf1d_f1Xd-YF-]]>
              </value>
            </param>
            <param index="3">
              <value>
                <![CDATA[https://dap-go-service-v1.run.aws-usw02-pr.ice.predix.io/assets/search?sourceKey=0016b410-11f7-43f8-ba3a-0d347392e385]]>
              </value>
            </param>
            <param index="4">
              <value>
                <![CDATA[400]]>
              </value>
            </param>
          </params>
          <exception class="java.lang.AssertionError">
            <message>
              <![CDATA[Oops!!!! Actual and Expected values doesnt match 404 400 expected [400] but found [404]]]>
            </message>
            <full-stacktrace>
              <![CDATA[java.lang.AssertionError: Oops!!!! Actual and Expected values doesnt match 404 400 expected [400] but found [404]
	at org.testng.Assert.fail(Assert.java:94)
	at org.testng.Assert.failNotEquals(Assert.java:494)
	at org.testng.Assert.assertEquals(Assert.java:123)
	at org.testng.Assert.assertEquals(Assert.java:370)
	at com.ge.DAP.actionEngines.ApiHanddler.validate_equal(ApiHanddler.java:246)
	at com.ge.DAP.APItestscipts.SearchApi.searchby_AssetId(SearchApi.java:41)
	at sun.reflect.NativeMethodAccessorImpl.invoke0(Native Method)
	at sun.reflect.NativeMethodAccessorImpl.invoke(NativeMethodAccessorImpl.java:62)
	at sun.reflect.DelegatingMethodAccessorImpl.invoke(DelegatingMethodAccessorImpl.java:43)
	at java.lang.reflect.Method.invoke(Method.java:498)
	at org.testng.internal.MethodInvocationHelper.invokeMethod(MethodInvocationHelper.java:80)
	at org.testng.internal.Invoker.invokeMethod(Invoker.java:714)
	at org.testng.internal.Invoker.invokeTestMethod(Invoker.java:901)
	at org.testng.internal.Invoker.invokeTestMethods(Invoker.java:1231)
	at org.testng.internal.TestMethodWorker.invokeTestMethods(TestMethodWorker.java:127)
	at org.testng.internal.TestMethodWorker.run(TestMethodWorker.java:111)
	at org.testng.TestRunner.privateRun(TestRunner.java:767)
	at org.testng.TestRunner.run(TestRunner.java:617)
	at org.testng.SuiteRunner.runTest(SuiteRunner.java:334)
	at org.testng.SuiteRunner.runSequentially(SuiteRunner.java:329)
	at org.testng.SuiteRunner.privateRun(SuiteRunner.java:291)
	at org.testng.SuiteRunner.run(SuiteRunner.java:240)
	at org.testng.SuiteRunnerWorker.runSuite(SuiteRunnerWorker.java:52)
	at org.testng.SuiteRunnerWorker.run(SuiteRunnerWorker.java:86)
	at org.testng.TestNG.runSuitesSequentially(TestNG.java:1198)
	at org.testng.TestNG.runSuitesLocally(TestNG.java:1123)
	at org.testng.TestNG.run(TestNG.java:1031)
	at org.testng.remote.AbstractRemoteTestNG.run(AbstractRemoteTestNG.java:132)
	at org.testng.remote.RemoteTestNG.initAndRun(RemoteTestNG.java:236)
	at org.testng.remote.RemoteTestNG.main(RemoteTestNG.java:81)
]]>
            </full-stacktrace>
          </exception> <!-- java.lang.AssertionError -->
          <reporter-output>
          </reporter-output>
        </test-method> <!-- searchby_AssetId -->
        <test-method status="FAIL" signature="searchby_AssetId(java.lang.String, java.lang.String, java.lang.String, java.lang.String, java.lang.String)[pri:0, instance:com.ge.DAP.APItestscipts.SearchApi@5bc79255]" name="searchby_AssetId" duration-ms="2707" started-at="2017-02-08T16:39:04Z" description="Testing the search by asset_ID API " data-provider="getData" finished-at="2017-02-08T16:39:07Z">
          <params>
            <param index="0">
              <value>
                <![CDATA[17]]>
              </value>
            </param>
            <param index="1">
              <value>
                <![CDATA[assets/search?sourceKey=0016b410-11f7-43f8-ba3a-0d347392e385]]>
              </value>
            </param>
            <param index="2">
              <value>
                <![CDATA[Business-Unit=power,Predix-Zone-Id=6320dde5-5bfb-4d20-973c-3c4066756f16,Content-Type=application/json,Authorization=eyJhbGciOiJSUzI1NiIsImtpZCI6ImxlZ2FjeS10b2tlbi1rZXkiLCJ0eXAiOiJKV1QifQ.eyJqdGkiOiJjNjNiOGM2MDcwM2Q0OGU0OTJmMjVkNjYxYThmYzAyNyIsInN1YiI6ImRhcF9jbGllbnRfaWQiLCJzY29wZSI6WyJ0aW1lc2VyaWVzLnpvbmVzLjJkZjBmYTJkLWNmMGQtNDRkNi05YTQ0LTFmMzRmNmYwNDhiYS5pbmdlc3QiLCJ1YWEucmVzb3VyY2UiLCJwcmVkaXgtYXNzZXQuem9uZXMuNjMyMGRkZTUtNWJmYi00ZDIwLTk3M2MtM2M0MDY2NzU2ZjE2LnVzZXIiLCJ0aW1lc2VyaWVzLnpvbmVzLjJkZjBmYTJkLWNmMGQtNDRkNi05YTQ0LTFmMzRmNmYwNDhiYS51c2VyIiwiY2xpZW50LnJlYWQiLCJ0aW1lc2VyaWVzLnpvbmVzLmQ3OGRkZDc5LWEzOTYtNGI4OC1iMDZjLWY2NDI4YTNlMWM3Mi5xdWVyeSIsInNjaW0ucmVhZCIsInRpbWVzZXJpZXMuem9uZXMuZDc4ZGRkNzktYTM5Ni00Yjg4LWIwNmMtZjY0MjhhM2UxYzcyLmluZ2VzdCIsInRpbWVzZXJpZXMuem9uZXMuMmRmMGZhMmQtY2YwZC00NGQ2LTlhNDQtMWYzNGY2ZjA0OGJhLnF1ZXJ5IiwidGltZXNlcmllcy56b25lcy5kNzhkZGQ3OS1hMzk2LTRiODgtYjA2Yy1mNjQyOGEzZTFjNzIudXNlciIsImNsaWVudHMud3JpdGUiLCJzY2ltLndyaXRlIiwicHJlZGl4LWFjcy56b25lcy5jNGRmNjhkOC01ZDdmLTQwNGQtYjE1Ni0zOWNhYzk0NDJmNDcudXNlciJdLCJjbGllbnRfaWQiOiJkYXBfY2xpZW50X2lkIiwiY2lkIjoiZGFwX2NsaWVudF9pZCIsImF6cCI6ImRhcF9jbGllbnRfaWQiLCJncmFudF90eXBlIjoiY2xpZW50X2NyZWRlbnRpYWxzIiwicmV2X3NpZyI6IjhkZTY5N2Y0IiwiaWF0IjoxNDg1MjM3Njg3LCJleHAiOjE0ODUyODA4ODcsImlzcyI6Imh0dHBzOi8vMzdiMjc0NmMtYmIyMy00Njg4LTg0OTQtODBjNGVmYzUxY2ZlLnByZWRpeC11YWEucnVuLmF3cy11c3cwMi1wci5pY2UucHJlZGl4LmlvL29hdXRoL3Rva2VuIiwiemlkIjoiMzdiMjc0NmMtYmIyMy00Njg4LTg0OTQtODBjNGVmYzUxY2ZlIiwiYXVkIjpbInNjaW0iLCJjbGllbnRzIiwidWFhIiwidGltZXNlcmllcy56b25lcy5kNzhkZGQ3OS1hMzk2LTRiODgtYjA2Yy1mNjQyOGEzZTFjNzIiLCJwcmVkaXgtYXNzZXQuem9uZXMuNjMyMGRkZTUtNWJmYi00ZDIwLTk3M2MtM2M0MDY2NzU2ZjE2IiwiY2xpZW50IiwiZGFwX2NsaWVudF9pZCIsInRpbWVzZXJpZXMuem9uZXMuMmRmMGZhMmQtY2YwZC00NGQ2LTlhNDQtMWYzNGY2ZjA0OGJhIiwicHJlZGl4LWFjcy56b25lcy5jNGRmNjhkOC01ZDdmLTQwNGQtYjE1Ni0zOWNhYzk0NDJmNDciXX0.Tqk-x2Aik28mNJdpGjtsv3_y7nL20RUC2bmSYDlFFIchxSwXlWYKZLKitiKJR-OUka1q7hr8ZRgWpyndvu6HJZu5RqdDuYEvNKFmXEsx5f5dOaUYSmSu7a7v3yC8wRI_VOIPs4BvtWu86R0hpvwsHbgAGCbUgub59hD3SyKkvk524GVzwAuYmQjJ2WnQiCFDw0LgEOWLiRpFhuD4wvMPwV7kOmRCliCVpzhEkgo_gxTicpZyGMrrr1MUxMDjKTeyeh5ldi5TnSaP9Li5T9TfzChglEk9lPKQ5f4YXZE41JZH_JtAZ-sfSSLnNivbhOgz7Qt_HNB2yGY9_Lm6JOInqA]]>
              </value>
            </param>
            <param index="3">
              <value>
                <![CDATA[https://dap-go-service-v1.run.aws-usw02-pr.ice.predix.io/assets/search?sourceKey=0016b410-11f7-43f8-ba3a-0d347392e385]]>
              </value>
            </param>
            <param index="4">
              <value>
                <![CDATA[400]]>
              </value>
            </param>
          </params>
          <exception class="java.lang.AssertionError">
            <message>
              <![CDATA[Oops!!!! Actual and Expected values doesnt match 404 400 expected [400] but found [404]]]>
            </message>
            <full-stacktrace>
              <![CDATA[java.lang.AssertionError: Oops!!!! Actual and Expected values doesnt match 404 400 expected [400] but found [404]
	at org.testng.Assert.fail(Assert.java:94)
	at org.testng.Assert.failNotEquals(Assert.java:494)
	at org.testng.Assert.assertEquals(Assert.java:123)
	at org.testng.Assert.assertEquals(Assert.java:370)
	at com.ge.DAP.actionEngines.ApiHanddler.validate_equal(ApiHanddler.java:246)
	at com.ge.DAP.APItestscipts.SearchApi.searchby_AssetId(SearchApi.java:41)
	at sun.reflect.GeneratedMethodAccessor6.invoke(Unknown Source)
	at sun.reflect.DelegatingMethodAccessorImpl.invoke(DelegatingMethodAccessorImpl.java:43)
	at java.lang.reflect.Method.invoke(Method.java:498)
	at org.testng.internal.MethodInvocationHelper.invokeMethod(MethodInvocationHelper.java:80)
	at org.testng.internal.Invoker.invokeMethod(Invoker.java:714)
	at org.testng.internal.Invoker.invokeTestMethod(Invoker.java:901)
	at org.testng.internal.Invoker.invokeTestMethods(Invoker.java:1231)
	at org.testng.internal.TestMethodWorker.invokeTestMethods(TestMethodWorker.java:127)
	at org.testng.internal.TestMethodWorker.run(TestMethodWorker.java:111)
	at org.testng.TestRunner.privateRun(TestRunner.java:767)
	at org.testng.TestRunner.run(TestRunner.java:617)
	at org.testng.SuiteRunner.runTest(SuiteRunner.java:334)
	at org.testng.SuiteRunner.runSequentially(SuiteRunner.java:329)
	at org.testng.SuiteRunner.privateRun(SuiteRunner.java:291)
	at org.testng.SuiteRunner.run(SuiteRunner.java:240)
	at org.testng.SuiteRunnerWorker.runSuite(SuiteRunnerWorker.java:52)
	at org.testng.SuiteRunnerWorker.run(SuiteRunnerWorker.java:86)
	at org.testng.TestNG.runSuitesSequentially(TestNG.java:1198)
	at org.testng.TestNG.runSuitesLocally(TestNG.java:1123)
	at org.testng.TestNG.run(TestNG.java:1031)
	at org.testng.remote.AbstractRemoteTestNG.run(AbstractRemoteTestNG.java:132)
	at org.testng.remote.RemoteTestNG.initAndRun(RemoteTestNG.java:236)
	at org.testng.remote.RemoteTestNG.main(RemoteTestNG.java:81)
]]>
            </full-stacktrace>
          </exception> <!-- java.lang.AssertionError -->
          <reporter-output>
          </reporter-output>
        </test-method> <!-- searchby_AssetId -->
        <test-method status="PASS" signature="searchby_AssetId(java.lang.String, java.lang.String, java.lang.String, java.lang.String, java.lang.String)[pri:0, instance:com.ge.DAP.APItestscipts.SearchApi@5bc79255]" name="searchby_AssetId" duration-ms="2716" started-at="2017-02-08T16:39:07Z" description="Testing the search by asset_ID API " data-provider="getData" finished-at="2017-02-08T16:39:10Z">
          <params>
            <param index="0">
              <value>
                <![CDATA[18]]>
              </value>
            </param>
            <param index="1">
              <value>
                <![CDATA[sites/search?sourceKey=0023d344-6e16-4ae3-9320-c84411bf78a8]]>
              </value>
            </param>
            <param index="2">
              <value>
                <![CDATA[Business-Unit=power,Predix-Zone-Id=6320dde5-5bfb-4d20-973c-3c4066756f16,Content-Type=application/json,Authorization= ]]>
              </value>
            </param>
            <param index="3">
              <value>
                <![CDATA[https://dap-go-service-v1.run.aws-usw02-pr.ice.predix.io/sites/search?sourceKey=0023d344-6e16-4ae3-9320-c84411bf78a8]]>
              </value>
            </param>
            <param index="4">
              <value>
                <![CDATA[200]]>
              </value>
            </param>
          </params>
          <reporter-output>
          </reporter-output>
        </test-method> <!-- searchby_AssetId -->
        <test-method status="PASS" signature="report()[pri:0, instance:com.ge.DAP.APItestscipts.SearchApi@5bc79255]" name="report" is-config="true" duration-ms="191" started-at="2017-02-08T16:39:10Z" finished-at="2017-02-08T16:39:10Z">
          <reporter-output>
          </reporter-output>
        </test-method> <!-- report -->
      </class> <!-- com.ge.DAP.APItestscipts.SearchApi -->
    </test> <!-- Default test -->
  </suite> <!-- Default suite -->
</testng-results>
